<?xml version="1.0" encoding="UTF-8"?>
<testng-results skipped="0" failed="0" ignored="1" total="2" passed="1">
  <reporter-output>
  </reporter-output>
  <suite name="Default suite" duration-ms="25217" started-at="2021-01-28T02:20:33 IST" finished-at="2021-01-28T02:20:58 IST">
    <groups>
    </groups>
    <test name="Default test" duration-ms="25217" started-at="2021-01-28T02:20:33 IST" finished-at="2021-01-28T02:20:58 IST">
      <class name="com.memberdues.testcases.LoginTests">
        <test-method status="PASS" signature="setupSuite()[pri:0, instance:com.memberdues.testcases.LoginTests@7b69c6ba]" name="setupSuite" is-config="true" duration-ms="835" started-at="2021-01-28T02:20:32 IST" finished-at="2021-01-28T02:20:33 IST">
          <reporter-output>
          </reporter-output>
        </test-method> <!-- setupSuite -->
        <test-method status="PASS" signature="setup()[pri:0, instance:com.memberdues.testcases.LoginTests@7b69c6ba]" name="setup" is-config="true" duration-ms="7786" started-at="2021-01-28T02:20:33 IST" finished-at="2021-01-28T02:20:41 IST">
          <reporter-output>
          </reporter-output>
        </test-method> <!-- setup -->
        <test-method status="PASS" signature="Login_to_Member_Portal()[pri:0, instance:com.memberdues.testcases.LoginTests@7b69c6ba]" name="Login_to_Member_Portal" duration-ms="16187" started-at="2021-01-28T02:20:41 IST" finished-at="2021-01-28T02:20:57 IST">
          <reporter-output>
          </reporter-output>
        </test-method> <!-- Login_to_Member_Portal -->
        <test-method status="PASS" signature="tearDownMethod(org.testng.ITestResult)[pri:0, instance:com.memberdues.testcases.LoginTests@7b69c6ba]" name="tearDownMethod" is-config="true" duration-ms="517" started-at="2021-01-28T02:20:57 IST" finished-at="2021-01-28T02:20:58 IST">
          <params>
            <param index="0">
              <value>
                <![CDATA[[TestResult name=Login_to_Member_Portal status=SUCCESS method=LoginTests.Login_to_Member_Portal()[pri:0, instance:com.memberdues.testcases.LoginTests@7b69c6ba] output={null}]]]>
              </value>
            </param>
          </params>
          <reporter-output>
          </reporter-output>
        </test-method> <!-- tearDownMethod -->
        <test-method status="PASS" signature="tearDown()[pri:0, instance:com.memberdues.testcases.LoginTests@7b69c6ba]" name="tearDown" is-config="true" duration-ms="687" started-at="2021-01-28T02:20:58 IST" finished-at="2021-01-28T02:20:58 IST">
          <reporter-output>
          </reporter-output>
        </test-method> <!-- tearDown -->
      </class> <!-- com.memberdues.testcases.LoginTests -->
    </test> <!-- Default test -->
  </suite> <!-- Default suite -->
</testng-results>
