<?xml version="1.0" encoding="UTF-8"?>
<!-- Generated by org.testng.reporters.JUnitXMLReporter -->
<testsuite hostname="SAMMSA-ANIK" ignored="2" name="Test" tests="1" failures="0" timestamp="2020-10-13T16:47:08 IST" time="72.956" errors="0">
  <testcase name="First_Time_Reset_Password" time="60.203" classname="com.memberdues.testcases.LoginTests"/>
  <testcase name="Login_to_Member_Portal" time="0.0" classname="com.memberdues.testcases.LoginTests">
    <ignored/>
  </testcase> <!-- Login_to_Member_Portal -->
  <testcase name="Logout_of_Member_Portal" time="0.0" classname="com.memberdues.testcases.LoginTests">
    <ignored/>
  </testcase> <!-- Logout_of_Member_Portal -->
</testsuite> <!-- Test -->
