<?xml version="1.0" encoding="UTF-8"?>
<!-- Generated by org.testng.reporters.JUnitXMLReporter -->
<testsuite hostname="SAMMSA-ANIK" ignored="4" name="Default test" tests="1" failures="0" timestamp="2020-10-14T16:42:45 IST" time="38.212" errors="0">
  <testcase name="Login_Error_On_Wrong_Userid" time="18.176" classname="com.memberdues.testcases.LoginTests"/>
  <testcase name="Login_Error_On_No_Data" time="0.0" classname="com.memberdues.testcases.LoginTests">
    <ignored/>
  </testcase> <!-- Login_Error_On_No_Data -->
  <testcase name="Login_to_Member_Portal" time="0.0" classname="com.memberdues.testcases.LoginTests">
    <ignored/>
  </testcase> <!-- Login_to_Member_Portal -->
  <testcase name="Logout_of_Member_Portal" time="0.0" classname="com.memberdues.testcases.LoginTests">
    <ignored/>
  </testcase> <!-- Logout_of_Member_Portal -->
  <testcase name="First_Time_Reset_Password" time="0.0" classname="com.memberdues.testcases.LoginTests">
    <ignored/>
  </testcase> <!-- First_Time_Reset_Password -->
</testsuite> <!-- Default test -->
