<?xml version="1.0" encoding="UTF-8"?>
<!-- Generated by org.testng.reporters.JUnitXMLReporter -->
<testsuite hostname="SAMMSA-ANIK" ignored="1" name="Default test" tests="1" failures="0" timestamp="2021-01-28T02:20:58 IST" time="25.217" errors="0">
  <testcase name="Login_to_Member_Portal" time="16.187" classname="com.memberdues.testcases.LoginTests"/>
  <testcase name="@BeforeSuite setupSuite" time="0.0" classname="com.memberdues.pages.BaseClass">
    <ignored/>
  </testcase> <!-- @BeforeSuite setupSuite -->
</testsuite> <!-- Default test -->
